2014/07/19 00:42:23 [error] [system.db.CDbCommand] CDbCommand::fetchAll() failed: SQLSTATE[42S02]: Base table or view not found: 1146 Table 'trackstar_dev.tb1_project' doesn't exist. The SQL statement executed was: SHOW FULL COLUMNS FROM `tb1_project`.
in /Applications/MAMP/htdocs/trackstart/index.php (13)
2014/07/19 17:30:47 [error] [system.db.CDbCommand] CDbCommand::fetchAll() failed: SQLSTATE[42S02]: Base table or view not found: 1146 Table 'trackstar_dev.issue' doesn't exist. The SQL statement executed was: SHOW FULL COLUMNS FROM `issue`.
in /Applications/MAMP/htdocs/trackstart/index.php (13)
2014/07/19 17:31:37 [error] [system.db.CDbCommand] CDbCommand::fetchAll() failed: SQLSTATE[42S02]: Base table or view not found: 1146 Table 'trackstar_dev.issue' doesn't exist. The SQL statement executed was: SHOW FULL COLUMNS FROM `issue`.
in /Applications/MAMP/htdocs/trackstart/index.php (13)
2014/07/19 17:32:20 [error] [system.db.CDbCommand] CDbCommand::fetchAll() failed: SQLSTATE[42S02]: Base table or view not found: 1146 Table 'trackstar_dev.issue' doesn't exist. The SQL statement executed was: SHOW FULL COLUMNS FROM `issue`.
in /Applications/MAMP/htdocs/trackstart/index.php (13)
2014/07/19 17:32:22 [error] [system.db.CDbCommand] CDbCommand::fetchAll() failed: SQLSTATE[42S02]: Base table or view not found: 1146 Table 'trackstar_dev.issue' doesn't exist. The SQL statement executed was: SHOW FULL COLUMNS FROM `issue`.
in /Applications/MAMP/htdocs/trackstart/index.php (13)
2014/07/19 19:27:48 [error] [exception.CHttpException.404] exception 'CHttpException' with message 'The requested project does not exist.' in /Applications/MAMP/htdocs/trackstart/protected/controllers/IssueController.php:24
Stack trace:
#0 /Applications/MAMP/htdocs/trackstart/protected/controllers/IssueController.php(38): IssueController->loadProject(NULL)
#1 /Applications/MAMP/htdocs/yii/framework/web/filters/CInlineFilter.php(58): IssueController->filterProjectContext(Object(CFilterChain))
#2 /Applications/MAMP/htdocs/yii/framework/web/filters/CFilterChain.php(130): CInlineFilter->filter(Object(CFilterChain))
#3 /Applications/MAMP/htdocs/yii/framework/web/filters/CFilter.php(40): CFilterChain->run()
#4 /Applications/MAMP/htdocs/yii/framework/web/CController.php(1145): CFilter->filter(Object(CFilterChain))
#5 /Applications/MAMP/htdocs/yii/framework/web/filters/CInlineFilter.php(58): CController->filterAccessControl(Object(CFilterChain))
#6 /Applications/MAMP/htdocs/yii/framework/web/filters/CFilterChain.php(130): CInlineFilter->filter(Object(CFilterChain))
#7 /Applications/MAMP/htdocs/yii/framework/web/CController.php(291): CFilterChain->run()
#8 /Applications/MAMP/htdocs/yii/framework/web/CController.php(265): CController->runActionWithFilters(Object(CInlineAction), Array)
#9 /Applications/MAMP/htdocs/yii/framework/web/CWebApplication.php(282): CController->run('create')
#10 /Applications/MAMP/htdocs/yii/framework/web/CWebApplication.php(141): CWebApplication->runController('issue/create')
#11 /Applications/MAMP/htdocs/yii/framework/base/CApplication.php(180): CWebApplication->processRequest()
#12 /Applications/MAMP/htdocs/trackstart/index.php(13): CApplication->run()
#13 {main}
REQUEST_URI=/trackstart/index.php?r=issue/create
HTTP_REFERER=http://localhost:8888/trackstart/index.php?r=site/login
---
2014/07/19 19:29:29 [error] [exception.CHttpException.404] exception 'CHttpException' with message 'The requested project does not exist.' in /Applications/MAMP/htdocs/trackstart/protected/controllers/IssueController.php:24
Stack trace:
#0 /Applications/MAMP/htdocs/trackstart/protected/controllers/IssueController.php(38): IssueController->loadProject(NULL)
#1 /Applications/MAMP/htdocs/yii/framework/web/filters/CInlineFilter.php(58): IssueController->filterProjectContext(Object(CFilterChain))
#2 /Applications/MAMP/htdocs/yii/framework/web/filters/CFilterChain.php(130): CInlineFilter->filter(Object(CFilterChain))
#3 /Applications/MAMP/htdocs/yii/framework/web/filters/CFilter.php(40): CFilterChain->run()
#4 /Applications/MAMP/htdocs/yii/framework/web/CController.php(1145): CFilter->filter(Object(CFilterChain))
#5 /Applications/MAMP/htdocs/yii/framework/web/filters/CInlineFilter.php(58): CController->filterAccessControl(Object(CFilterChain))
#6 /Applications/MAMP/htdocs/yii/framework/web/filters/CFilterChain.php(130): CInlineFilter->filter(Object(CFilterChain))
#7 /Applications/MAMP/htdocs/yii/framework/web/CController.php(291): CFilterChain->run()
#8 /Applications/MAMP/htdocs/yii/framework/web/CController.php(265): CController->runActionWithFilters(Object(CInlineAction), Array)
#9 /Applications/MAMP/htdocs/yii/framework/web/CWebApplication.php(282): CController->run('create')
#10 /Applications/MAMP/htdocs/yii/framework/web/CWebApplication.php(141): CWebApplication->runController('issue/create')
#11 /Applications/MAMP/htdocs/yii/framework/base/CApplication.php(180): CWebApplication->processRequest()
#12 /Applications/MAMP/htdocs/trackstart/index.php(13): CApplication->run()
#13 {main}
REQUEST_URI=/trackstart/index.php?r=issue/create
HTTP_REFERER=http://localhost:8888/trackstart/index.php?r=site/login
---
2014/07/19 19:29:38 [error] [exception.CHttpException.404] exception 'CHttpException' with message 'The requested project does not exist.' in /Applications/MAMP/htdocs/trackstart/protected/controllers/IssueController.php:24
Stack trace:
#0 /Applications/MAMP/htdocs/trackstart/protected/controllers/IssueController.php(38): IssueController->loadProject('1')
#1 /Applications/MAMP/htdocs/yii/framework/web/filters/CInlineFilter.php(58): IssueController->filterProjectContext(Object(CFilterChain))
#2 /Applications/MAMP/htdocs/yii/framework/web/filters/CFilterChain.php(130): CInlineFilter->filter(Object(CFilterChain))
#3 /Applications/MAMP/htdocs/yii/framework/web/filters/CFilter.php(40): CFilterChain->run()
#4 /Applications/MAMP/htdocs/yii/framework/web/CController.php(1145): CFilter->filter(Object(CFilterChain))
#5 /Applications/MAMP/htdocs/yii/framework/web/filters/CInlineFilter.php(58): CController->filterAccessControl(Object(CFilterChain))
#6 /Applications/MAMP/htdocs/yii/framework/web/filters/CFilterChain.php(130): CInlineFilter->filter(Object(CFilterChain))
#7 /Applications/MAMP/htdocs/yii/framework/web/CController.php(291): CFilterChain->run()
#8 /Applications/MAMP/htdocs/yii/framework/web/CController.php(265): CController->runActionWithFilters(Object(CInlineAction), Array)
#9 /Applications/MAMP/htdocs/yii/framework/web/CWebApplication.php(282): CController->run('create')
#10 /Applications/MAMP/htdocs/yii/framework/web/CWebApplication.php(141): CWebApplication->runController('issue/create')
#11 /Applications/MAMP/htdocs/yii/framework/base/CApplication.php(180): CWebApplication->processRequest()
#12 /Applications/MAMP/htdocs/trackstart/index.php(13): CApplication->run()
#13 {main}
REQUEST_URI=/trackstart/index.php?r=issue/create&pid=1
HTTP_REFERER=http://localhost:8888/trackstart/index.php?r=issue/
---
2014/07/20 23:53:45 [error] [exception.CHttpException.404] exception 'CHttpException' with message 'The requested project does not exist.' in /Applications/MAMP/htdocs/trackstart/protected/controllers/IssueController.php:29
Stack trace:
#0 /Applications/MAMP/htdocs/trackstart/protected/controllers/IssueController.php(43): IssueController->loadProject(NULL)
#1 /Applications/MAMP/htdocs/yii/framework/web/filters/CInlineFilter.php(58): IssueController->filterProjectContext(Object(CFilterChain))
#2 /Applications/MAMP/htdocs/yii/framework/web/filters/CFilterChain.php(130): CInlineFilter->filter(Object(CFilterChain))
#3 /Applications/MAMP/htdocs/yii/framework/web/filters/CFilter.php(40): CFilterChain->run()
#4 /Applications/MAMP/htdocs/yii/framework/web/CController.php(1145): CFilter->filter(Object(CFilterChain))
#5 /Applications/MAMP/htdocs/yii/framework/web/filters/CInlineFilter.php(58): CController->filterAccessControl(Object(CFilterChain))
#6 /Applications/MAMP/htdocs/yii/framework/web/filters/CFilterChain.php(130): CInlineFilter->filter(Object(CFilterChain))
#7 /Applications/MAMP/htdocs/yii/framework/web/CController.php(291): CFilterChain->run()
#8 /Applications/MAMP/htdocs/yii/framework/web/CController.php(265): CController->runActionWithFilters(Object(CInlineAction), Array)
#9 /Applications/MAMP/htdocs/yii/framework/web/CWebApplication.php(282): CController->run('create')
#10 /Applications/MAMP/htdocs/yii/framework/web/CWebApplication.php(141): CWebApplication->runController('issue/create')
#11 /Applications/MAMP/htdocs/yii/framework/base/CApplication.php(180): CWebApplication->processRequest()
#12 /Applications/MAMP/htdocs/trackstart/index.php(13): CApplication->run()
#13 {main}
REQUEST_URI=/trackstart/index.php?r=issue/create
HTTP_REFERER=http://localhost:8888/trackstart/index.php?r=issue/
---
2014/07/21 10:57:58 [error] [exception.CException] exception 'CException' with message 'Property "CActiveDataProvider.criterial" is not defined.' in /Applications/MAMP/htdocs/yii/framework/base/CComponent.php:173
Stack trace:
#0 /Applications/MAMP/htdocs/yii/framework/web/CActiveDataProvider.php(96): CComponent->__set('criterial', Array)
#1 /Applications/MAMP/htdocs/trackstart/protected/controllers/ProjectController.php(62): CActiveDataProvider->__construct('Issue', Array)
#2 [internal function]: ProjectController->actionView('1')
#3 /Applications/MAMP/htdocs/yii/framework/web/actions/CAction.php(108): ReflectionMethod->invokeArgs(Object(ProjectController), Array)
#4 /Applications/MAMP/htdocs/yii/framework/web/actions/CInlineAction.php(47): CAction->runWithParamsInternal(Object(ProjectController), Object(ReflectionMethod), Array)
#5 /Applications/MAMP/htdocs/yii/framework/web/CController.php(308): CInlineAction->runWithParams(Array)
#6 /Applications/MAMP/htdocs/yii/framework/web/filters/CFilterChain.php(133): CController->runAction(Object(CInlineAction))
#7 /Applications/MAMP/htdocs/yii/framework/web/filters/CFilter.php(40): CFilterChain->run()
#8 /Applications/MAMP/htdocs/yii/framework/web/CController.php(1145): CFilter->filter(Object(CFilterChain))
#9 /Applications/MAMP/htdocs/yii/framework/web/filters/CInlineFilter.php(58): CController->filterAccessControl(Object(CFilterChain))
#10 /Applications/MAMP/htdocs/yii/framework/web/filters/CFilterChain.php(130): CInlineFilter->filter(Object(CFilterChain))
#11 /Applications/MAMP/htdocs/yii/framework/web/CController.php(291): CFilterChain->run()
#12 /Applications/MAMP/htdocs/yii/framework/web/CController.php(265): CController->runActionWithFilters(Object(CInlineAction), Array)
#13 /Applications/MAMP/htdocs/yii/framework/web/CWebApplication.php(282): CController->run('view')
#14 /Applications/MAMP/htdocs/yii/framework/web/CWebApplication.php(141): CWebApplication->runController('project/view')
#15 /Applications/MAMP/htdocs/yii/framework/base/CApplication.php(180): CWebApplication->processRequest()
#16 /Applications/MAMP/htdocs/trackstart/index.php(13): CApplication->run()
#17 {main}
REQUEST_URI=/trackstart/index.php?r=project/view&id=1
HTTP_REFERER=http://localhost:8888/trackstart/index.php?r=project
---
2014/07/21 11:03:44 [error] [php] Undefined variable: issueDataProvider (/Applications/MAMP/htdocs/trackstart/protected/views/project/view.php:39)
Stack trace:
#0 /Applications/MAMP/htdocs/yii/framework/web/CController.php(869): ProjectController->renderFile()
#1 /Applications/MAMP/htdocs/yii/framework/web/CController.php(782): ProjectController->renderPartial()
#2 /Applications/MAMP/htdocs/trackstart/protected/controllers/ProjectController.php(65): ProjectController->render()
#3 unknown(0): ProjectController->actionView()
#4 /Applications/MAMP/htdocs/yii/framework/web/actions/CAction.php(108): ReflectionMethod->invokeArgs()
#5 /Applications/MAMP/htdocs/yii/framework/web/actions/CInlineAction.php(47): CInlineAction->runWithParamsInternal()
#6 /Applications/MAMP/htdocs/yii/framework/web/CController.php(308): CInlineAction->runWithParams()
#7 /Applications/MAMP/htdocs/yii/framework/web/filters/CFilterChain.php(133): ProjectController->runAction()
#8 /Applications/MAMP/htdocs/yii/framework/web/filters/CFilter.php(40): CFilterChain->run()
#9 /Applications/MAMP/htdocs/yii/framework/web/CController.php(1145): CAccessControlFilter->filter()
#10 /Applications/MAMP/htdocs/yii/framework/web/filters/CInlineFilter.php(58): ProjectController->filterAccessControl()
#11 /Applications/MAMP/htdocs/yii/framework/web/filters/CFilterChain.php(130): CInlineFilter->filter()
#12 /Applications/MAMP/htdocs/yii/framework/web/CController.php(291): CFilterChain->run()
#13 /Applications/MAMP/htdocs/yii/framework/web/CController.php(265): ProjectController->runActionWithFilters()
#14 /Applications/MAMP/htdocs/yii/framework/web/CWebApplication.php(282): ProjectController->run()
#15 /Applications/MAMP/htdocs/yii/framework/web/CWebApplication.php(141): CWebApplication->runController()
#16 /Applications/MAMP/htdocs/yii/framework/base/CApplication.php(180): CWebApplication->processRequest()
#17 /Applications/MAMP/htdocs/trackstart/index.php(13): CWebApplication->run()
REQUEST_URI=/trackstart/index.php?r=project/view&id=1
in /Applications/MAMP/htdocs/trackstart/protected/views/project/view.php (39)
in /Applications/MAMP/htdocs/trackstart/protected/controllers/ProjectController.php (65)
in /Applications/MAMP/htdocs/trackstart/index.php (13)
2014/07/21 11:06:30 [error] [php] Undefined variable: issueDataProivder (/Applications/MAMP/htdocs/trackstart/protected/views/project/view.php:39)
Stack trace:
#0 /Applications/MAMP/htdocs/yii/framework/web/CController.php(869): ProjectController->renderFile()
#1 /Applications/MAMP/htdocs/yii/framework/web/CController.php(782): ProjectController->renderPartial()
#2 /Applications/MAMP/htdocs/trackstart/protected/controllers/ProjectController.php(65): ProjectController->render()
#3 unknown(0): ProjectController->actionView()
#4 /Applications/MAMP/htdocs/yii/framework/web/actions/CAction.php(108): ReflectionMethod->invokeArgs()
#5 /Applications/MAMP/htdocs/yii/framework/web/actions/CInlineAction.php(47): CInlineAction->runWithParamsInternal()
#6 /Applications/MAMP/htdocs/yii/framework/web/CController.php(308): CInlineAction->runWithParams()
#7 /Applications/MAMP/htdocs/yii/framework/web/filters/CFilterChain.php(133): ProjectController->runAction()
#8 /Applications/MAMP/htdocs/yii/framework/web/filters/CFilter.php(40): CFilterChain->run()
#9 /Applications/MAMP/htdocs/yii/framework/web/CController.php(1145): CAccessControlFilter->filter()
#10 /Applications/MAMP/htdocs/yii/framework/web/filters/CInlineFilter.php(58): ProjectController->filterAccessControl()
#11 /Applications/MAMP/htdocs/yii/framework/web/filters/CFilterChain.php(130): CInlineFilter->filter()
#12 /Applications/MAMP/htdocs/yii/framework/web/CController.php(291): CFilterChain->run()
#13 /Applications/MAMP/htdocs/yii/framework/web/CController.php(265): ProjectController->runActionWithFilters()
#14 /Applications/MAMP/htdocs/yii/framework/web/CWebApplication.php(282): ProjectController->run()
#15 /Applications/MAMP/htdocs/yii/framework/web/CWebApplication.php(141): CWebApplication->runController()
#16 /Applications/MAMP/htdocs/yii/framework/base/CApplication.php(180): CWebApplication->processRequest()
#17 /Applications/MAMP/htdocs/trackstart/index.php(13): CWebApplication->run()
REQUEST_URI=/trackstart/index.php?r=project/view&id=1
in /Applications/MAMP/htdocs/trackstart/protected/views/project/view.php (39)
in /Applications/MAMP/htdocs/trackstart/protected/controllers/ProjectController.php (65)
in /Applications/MAMP/htdocs/trackstart/index.php (13)
2014/07/21 11:06:31 [error] [php] Undefined variable: issueDataProivder (/Applications/MAMP/htdocs/trackstart/protected/views/project/view.php:39)
Stack trace:
#0 /Applications/MAMP/htdocs/yii/framework/web/CController.php(869): ProjectController->renderFile()
#1 /Applications/MAMP/htdocs/yii/framework/web/CController.php(782): ProjectController->renderPartial()
#2 /Applications/MAMP/htdocs/trackstart/protected/controllers/ProjectController.php(65): ProjectController->render()
#3 unknown(0): ProjectController->actionView()
#4 /Applications/MAMP/htdocs/yii/framework/web/actions/CAction.php(108): ReflectionMethod->invokeArgs()
#5 /Applications/MAMP/htdocs/yii/framework/web/actions/CInlineAction.php(47): CInlineAction->runWithParamsInternal()
#6 /Applications/MAMP/htdocs/yii/framework/web/CController.php(308): CInlineAction->runWithParams()
#7 /Applications/MAMP/htdocs/yii/framework/web/filters/CFilterChain.php(133): ProjectController->runAction()
#8 /Applications/MAMP/htdocs/yii/framework/web/filters/CFilter.php(40): CFilterChain->run()
#9 /Applications/MAMP/htdocs/yii/framework/web/CController.php(1145): CAccessControlFilter->filter()
#10 /Applications/MAMP/htdocs/yii/framework/web/filters/CInlineFilter.php(58): ProjectController->filterAccessControl()
#11 /Applications/MAMP/htdocs/yii/framework/web/filters/CFilterChain.php(130): CInlineFilter->filter()
#12 /Applications/MAMP/htdocs/yii/framework/web/CController.php(291): CFilterChain->run()
#13 /Applications/MAMP/htdocs/yii/framework/web/CController.php(265): ProjectController->runActionWithFilters()
#14 /Applications/MAMP/htdocs/yii/framework/web/CWebApplication.php(282): ProjectController->run()
#15 /Applications/MAMP/htdocs/yii/framework/web/CWebApplication.php(141): CWebApplication->runController()
#16 /Applications/MAMP/htdocs/yii/framework/base/CApplication.php(180): CWebApplication->processRequest()
#17 /Applications/MAMP/htdocs/trackstart/index.php(13): CWebApplication->run()
REQUEST_URI=/trackstart/index.php?r=project/view&id=1
in /Applications/MAMP/htdocs/trackstart/protected/views/project/view.php (39)
in /Applications/MAMP/htdocs/trackstart/protected/controllers/ProjectController.php (65)
in /Applications/MAMP/htdocs/trackstart/index.php (13)
2014/07/21 11:06:33 [error] [php] Undefined variable: issueDataProivder (/Applications/MAMP/htdocs/trackstart/protected/views/project/view.php:39)
Stack trace:
#0 /Applications/MAMP/htdocs/yii/framework/web/CController.php(869): ProjectController->renderFile()
#1 /Applications/MAMP/htdocs/yii/framework/web/CController.php(782): ProjectController->renderPartial()
#2 /Applications/MAMP/htdocs/trackstart/protected/controllers/ProjectController.php(65): ProjectController->render()
#3 unknown(0): ProjectController->actionView()
#4 /Applications/MAMP/htdocs/yii/framework/web/actions/CAction.php(108): ReflectionMethod->invokeArgs()
#5 /Applications/MAMP/htdocs/yii/framework/web/actions/CInlineAction.php(47): CInlineAction->runWithParamsInternal()
#6 /Applications/MAMP/htdocs/yii/framework/web/CController.php(308): CInlineAction->runWithParams()
#7 /Applications/MAMP/htdocs/yii/framework/web/filters/CFilterChain.php(133): ProjectController->runAction()
#8 /Applications/MAMP/htdocs/yii/framework/web/filters/CFilter.php(40): CFilterChain->run()
#9 /Applications/MAMP/htdocs/yii/framework/web/CController.php(1145): CAccessControlFilter->filter()
#10 /Applications/MAMP/htdocs/yii/framework/web/filters/CInlineFilter.php(58): ProjectController->filterAccessControl()
#11 /Applications/MAMP/htdocs/yii/framework/web/filters/CFilterChain.php(130): CInlineFilter->filter()
#12 /Applications/MAMP/htdocs/yii/framework/web/CController.php(291): CFilterChain->run()
#13 /Applications/MAMP/htdocs/yii/framework/web/CController.php(265): ProjectController->runActionWithFilters()
#14 /Applications/MAMP/htdocs/yii/framework/web/CWebApplication.php(282): ProjectController->run()
#15 /Applications/MAMP/htdocs/yii/framework/web/CWebApplication.php(141): CWebApplication->runController()
#16 /Applications/MAMP/htdocs/yii/framework/base/CApplication.php(180): CWebApplication->processRequest()
#17 /Applications/MAMP/htdocs/trackstart/index.php(13): CWebApplication->run()
REQUEST_URI=/trackstart/index.php?r=project/view&id=1
in /Applications/MAMP/htdocs/trackstart/protected/views/project/view.php (39)
in /Applications/MAMP/htdocs/trackstart/protected/controllers/ProjectController.php (65)
in /Applications/MAMP/htdocs/trackstart/index.php (13)
2014/07/21 11:06:33 [error] [php] Undefined variable: issueDataProivder (/Applications/MAMP/htdocs/trackstart/protected/views/project/view.php:39)
Stack trace:
#0 /Applications/MAMP/htdocs/yii/framework/web/CController.php(869): ProjectController->renderFile()
#1 /Applications/MAMP/htdocs/yii/framework/web/CController.php(782): ProjectController->renderPartial()
#2 /Applications/MAMP/htdocs/trackstart/protected/controllers/ProjectController.php(65): ProjectController->render()
#3 unknown(0): ProjectController->actionView()
#4 /Applications/MAMP/htdocs/yii/framework/web/actions/CAction.php(108): ReflectionMethod->invokeArgs()
#5 /Applications/MAMP/htdocs/yii/framework/web/actions/CInlineAction.php(47): CInlineAction->runWithParamsInternal()
#6 /Applications/MAMP/htdocs/yii/framework/web/CController.php(308): CInlineAction->runWithParams()
#7 /Applications/MAMP/htdocs/yii/framework/web/filters/CFilterChain.php(133): ProjectController->runAction()
#8 /Applications/MAMP/htdocs/yii/framework/web/filters/CFilter.php(40): CFilterChain->run()
#9 /Applications/MAMP/htdocs/yii/framework/web/CController.php(1145): CAccessControlFilter->filter()
#10 /Applications/MAMP/htdocs/yii/framework/web/filters/CInlineFilter.php(58): ProjectController->filterAccessControl()
#11 /Applications/MAMP/htdocs/yii/framework/web/filters/CFilterChain.php(130): CInlineFilter->filter()
#12 /Applications/MAMP/htdocs/yii/framework/web/CController.php(291): CFilterChain->run()
#13 /Applications/MAMP/htdocs/yii/framework/web/CController.php(265): ProjectController->runActionWithFilters()
#14 /Applications/MAMP/htdocs/yii/framework/web/CWebApplication.php(282): ProjectController->run()
#15 /Applications/MAMP/htdocs/yii/framework/web/CWebApplication.php(141): CWebApplication->runController()
#16 /Applications/MAMP/htdocs/yii/framework/base/CApplication.php(180): CWebApplication->processRequest()
#17 /Applications/MAMP/htdocs/trackstart/index.php(13): CWebApplication->run()
REQUEST_URI=/trackstart/index.php?r=project/view&id=1
in /Applications/MAMP/htdocs/trackstart/protected/views/project/view.php (39)
in /Applications/MAMP/htdocs/trackstart/protected/controllers/ProjectController.php (65)
in /Applications/MAMP/htdocs/trackstart/index.php (13)
2014/07/21 11:32:44 [error] [exception.CHttpException.404] exception 'CHttpException' with message 'The requested page does not exist.' in /Applications/MAMP/htdocs/trackstart/protected/controllers/IssueController.php:195
Stack trace:
#0 /Applications/MAMP/htdocs/trackstart/protected/controllers/IssueController.php(93): IssueController->loadModel('3')
#1 [internal function]: IssueController->actionView('3')
#2 /Applications/MAMP/htdocs/yii/framework/web/actions/CAction.php(108): ReflectionMethod->invokeArgs(Object(IssueController), Array)
#3 /Applications/MAMP/htdocs/yii/framework/web/actions/CInlineAction.php(47): CAction->runWithParamsInternal(Object(IssueController), Object(ReflectionMethod), Array)
#4 /Applications/MAMP/htdocs/yii/framework/web/CController.php(308): CInlineAction->runWithParams(Array)
#5 /Applications/MAMP/htdocs/yii/framework/web/filters/CFilterChain.php(133): CController->runAction(Object(CInlineAction))
#6 /Applications/MAMP/htdocs/yii/framework/web/filters/CFilter.php(40): CFilterChain->run()
#7 /Applications/MAMP/htdocs/yii/framework/web/CController.php(1145): CFilter->filter(Object(CFilterChain))
#8 /Applications/MAMP/htdocs/yii/framework/web/filters/CInlineFilter.php(58): CController->filterAccessControl(Object(CFilterChain))
#9 /Applications/MAMP/htdocs/yii/framework/web/filters/CFilterChain.php(130): CInlineFilter->filter(Object(CFilterChain))
#10 /Applications/MAMP/htdocs/yii/framework/web/CController.php(291): CFilterChain->run()
#11 /Applications/MAMP/htdocs/yii/framework/web/CController.php(265): CController->runActionWithFilters(Object(CInlineAction), Array)
#12 /Applications/MAMP/htdocs/yii/framework/web/CWebApplication.php(282): CController->run('view')
#13 /Applications/MAMP/htdocs/yii/framework/web/CWebApplication.php(141): CWebApplication->runController('issue/view')
#14 /Applications/MAMP/htdocs/yii/framework/base/CApplication.php(180): CWebApplication->processRequest()
#15 /Applications/MAMP/htdocs/trackstart/index.php(13): CApplication->run()
#16 {main}
REQUEST_URI=/trackstart/index.php?r=issue/view&id=3
HTTP_REFERER=http://localhost:8888/trackstart/index.php?r=issue/create&pid=1
---
2014/07/21 11:32:45 [error] [exception.CHttpException.404] exception 'CHttpException' with message 'The requested page does not exist.' in /Applications/MAMP/htdocs/trackstart/protected/controllers/IssueController.php:195
Stack trace:
#0 /Applications/MAMP/htdocs/trackstart/protected/controllers/IssueController.php(93): IssueController->loadModel('3')
#1 [internal function]: IssueController->actionView('3')
#2 /Applications/MAMP/htdocs/yii/framework/web/actions/CAction.php(108): ReflectionMethod->invokeArgs(Object(IssueController), Array)
#3 /Applications/MAMP/htdocs/yii/framework/web/actions/CInlineAction.php(47): CAction->runWithParamsInternal(Object(IssueController), Object(ReflectionMethod), Array)
#4 /Applications/MAMP/htdocs/yii/framework/web/CController.php(308): CInlineAction->runWithParams(Array)
#5 /Applications/MAMP/htdocs/yii/framework/web/filters/CFilterChain.php(133): CController->runAction(Object(CInlineAction))
#6 /Applications/MAMP/htdocs/yii/framework/web/filters/CFilter.php(40): CFilterChain->run()
#7 /Applications/MAMP/htdocs/yii/framework/web/CController.php(1145): CFilter->filter(Object(CFilterChain))
#8 /Applications/MAMP/htdocs/yii/framework/web/filters/CInlineFilter.php(58): CController->filterAccessControl(Object(CFilterChain))
#9 /Applications/MAMP/htdocs/yii/framework/web/filters/CFilterChain.php(130): CInlineFilter->filter(Object(CFilterChain))
#10 /Applications/MAMP/htdocs/yii/framework/web/CController.php(291): CFilterChain->run()
#11 /Applications/MAMP/htdocs/yii/framework/web/CController.php(265): CController->runActionWithFilters(Object(CInlineAction), Array)
#12 /Applications/MAMP/htdocs/yii/framework/web/CWebApplication.php(282): CController->run('view')
#13 /Applications/MAMP/htdocs/yii/framework/web/CWebApplication.php(141): CWebApplication->runController('issue/view')
#14 /Applications/MAMP/htdocs/yii/framework/base/CApplication.php(180): CWebApplication->processRequest()
#15 /Applications/MAMP/htdocs/trackstart/index.php(13): CApplication->run()
#16 {main}
REQUEST_URI=/trackstart/index.php?r=issue/view&id=3
HTTP_REFERER=http://localhost:8888/trackstart/index.php?r=issue/create&pid=1
---
2014/07/21 11:58:09 [error] [exception.CHttpException.404] exception 'CHttpException' with message 'The requested project does not exist.' in /Applications/MAMP/htdocs/trackstart/protected/controllers/IssueController.php:29
Stack trace:
#0 /Applications/MAMP/htdocs/trackstart/protected/controllers/IssueController.php(43): IssueController->loadProject(NULL)
#1 /Applications/MAMP/htdocs/yii/framework/web/filters/CInlineFilter.php(58): IssueController->filterProjectContext(Object(CFilterChain))
#2 /Applications/MAMP/htdocs/yii/framework/web/filters/CFilterChain.php(130): CInlineFilter->filter(Object(CFilterChain))
#3 /Applications/MAMP/htdocs/yii/framework/web/filters/CFilter.php(40): CFilterChain->run()
#4 /Applications/MAMP/htdocs/yii/framework/web/CController.php(1145): CFilter->filter(Object(CFilterChain))
#5 /Applications/MAMP/htdocs/yii/framework/web/filters/CInlineFilter.php(58): CController->filterAccessControl(Object(CFilterChain))
#6 /Applications/MAMP/htdocs/yii/framework/web/filters/CFilterChain.php(130): CInlineFilter->filter(Object(CFilterChain))
#7 /Applications/MAMP/htdocs/yii/framework/web/CController.php(291): CFilterChain->run()
#8 /Applications/MAMP/htdocs/yii/framework/web/CController.php(265): CController->runActionWithFilters(Object(CInlineAction), Array)
#9 /Applications/MAMP/htdocs/yii/framework/web/CWebApplication.php(282): CController->run('create')
#10 /Applications/MAMP/htdocs/yii/framework/web/CWebApplication.php(141): CWebApplication->runController('issue/create')
#11 /Applications/MAMP/htdocs/yii/framework/base/CApplication.php(180): CWebApplication->processRequest()
#12 /Applications/MAMP/htdocs/trackstart/index.php(13): CApplication->run()
#13 {main}
REQUEST_URI=/trackstart/index.php?r=issue/create
HTTP_REFERER=http://localhost:8888/trackstart/index.php?r=issue/view&id=1
---
2014/07/21 12:57:59 [error] [php] htmlspecialchars() expects parameter 1 to be string, array given (/Applications/MAMP/htdocs/yii/framework/web/helpers/CHtml.php:103)
Stack trace:
#0 /Applications/MAMP/htdocs/yii/framework/web/CBaseController.php(130): require()
#1 /Applications/MAMP/htdocs/yii/framework/web/CBaseController.php(95): IssueController->renderInternal()
#2 /Applications/MAMP/htdocs/yii/framework/zii/widgets/CListView.php(291): IssueController->renderFile()
#3 /Applications/MAMP/htdocs/yii/framework/zii/widgets/CBaseListView.php(167): CListView->renderItems()
#4 unknown(0): CListView->renderSection()
#5 /Applications/MAMP/htdocs/yii/framework/zii/widgets/CBaseListView.php(150): preg_replace_callback()
#6 /Applications/MAMP/htdocs/yii/framework/zii/widgets/CBaseListView.php(135): CListView->renderContent()
#7 /Applications/MAMP/htdocs/yii/framework/web/CBaseController.php(173): CListView->run()
#8 /Applications/MAMP/htdocs/trackstart/protected/views/issue/index.php(20): IssueController->widget()
#9 /Applications/MAMP/htdocs/yii/framework/web/CBaseController.php(126): require()
#10 /Applications/MAMP/htdocs/yii/framework/web/CBaseController.php(95): IssueController->renderInternal()
#11 /Applications/MAMP/htdocs/yii/framework/web/CController.php(869): IssueController->renderFile()
#12 /Applications/MAMP/htdocs/yii/framework/web/CController.php(782): IssueController->renderPartial()
#13 /Applications/MAMP/htdocs/trackstart/protected/controllers/IssueController.php(166): IssueController->render()
#14 /Applications/MAMP/htdocs/yii/framework/web/actions/CInlineAction.php(49): IssueController->actionIndex()
#15 /Applications/MAMP/htdocs/yii/framework/web/CController.php(308): CInlineAction->runWithParams()
#16 /Applications/MAMP/htdocs/yii/framework/web/filters/CFilterChain.php(133): IssueController->runAction()
#17 /Applications/MAMP/htdocs/yii/framework/web/filters/CFilter.php(40): CFilterChain->run()
#18 /Applications/MAMP/htdocs/yii/framework/web/CController.php(1145): CAccessControlFilter->filter()
#19 /Applications/MAMP/htdocs/yii/framework/web/filters/CInlineFilter.php(58): IssueController->filterAccessControl()
#20 /Applications/MAMP/htdocs/yii/framework/web/filters/CFilterChain.php(130): CInlineFilter->filter()
#21 /Applications/MAMP/htdocs/yii/framework/web/CController.php(291): CFilterChain->run()
#22 /Applications/MAMP/htdocs/yii/framework/web/CController.php(265): IssueController->runActionWithFilters()
#23 /Applications/MAMP/htdocs/yii/framework/web/CWebApplication.php(282): IssueController->run()
#24 /Applications/MAMP/htdocs/yii/framework/web/CWebApplication.php(141): CWebApplication->runController()
#25 /Applications/MAMP/htdocs/yii/framework/base/CApplication.php(180): CWebApplication->processRequest()
#26 /Applications/MAMP/htdocs/trackstart/index.php(13): CWebApplication->run()
REQUEST_URI=/trackstart/index.php?r=issue
in /Applications/MAMP/htdocs/trackstart/protected/views/issue/_view.php (25)
in /Applications/MAMP/htdocs/trackstart/protected/views/issue/index.php (20)
in /Applications/MAMP/htdocs/trackstart/protected/controllers/IssueController.php (166)
2014/07/21 13:10:18 [error] [php] Trying to get property of non-object (/Applications/MAMP/htdocs/trackstart/protected/views/issue/view.php:30)
Stack trace:
#0 /Applications/MAMP/htdocs/yii/framework/web/CController.php(869): IssueController->renderFile()
#1 /Applications/MAMP/htdocs/yii/framework/web/CController.php(782): IssueController->renderPartial()
#2 /Applications/MAMP/htdocs/trackstart/protected/controllers/IssueController.php(94): IssueController->render()
#3 unknown(0): IssueController->actionView()
#4 /Applications/MAMP/htdocs/yii/framework/web/actions/CAction.php(108): ReflectionMethod->invokeArgs()
#5 /Applications/MAMP/htdocs/yii/framework/web/actions/CInlineAction.php(47): CInlineAction->runWithParamsInternal()
#6 /Applications/MAMP/htdocs/yii/framework/web/CController.php(308): CInlineAction->runWithParams()
#7 /Applications/MAMP/htdocs/yii/framework/web/filters/CFilterChain.php(133): IssueController->runAction()
#8 /Applications/MAMP/htdocs/yii/framework/web/filters/CFilter.php(40): CFilterChain->run()
#9 /Applications/MAMP/htdocs/yii/framework/web/CController.php(1145): CAccessControlFilter->filter()
#10 /Applications/MAMP/htdocs/yii/framework/web/filters/CInlineFilter.php(58): IssueController->filterAccessControl()
#11 /Applications/MAMP/htdocs/yii/framework/web/filters/CFilterChain.php(130): CInlineFilter->filter()
#12 /Applications/MAMP/htdocs/yii/framework/web/CController.php(291): CFilterChain->run()
#13 /Applications/MAMP/htdocs/yii/framework/web/CController.php(265): IssueController->runActionWithFilters()
#14 /Applications/MAMP/htdocs/yii/framework/web/CWebApplication.php(282): IssueController->run()
#15 /Applications/MAMP/htdocs/yii/framework/web/CWebApplication.php(141): CWebApplication->runController()
#16 /Applications/MAMP/htdocs/yii/framework/base/CApplication.php(180): CWebApplication->processRequest()
#17 /Applications/MAMP/htdocs/trackstart/index.php(13): CWebApplication->run()
REQUEST_URI=/trackstart/index.php?r=issue/view&id=1
in /Applications/MAMP/htdocs/trackstart/protected/views/issue/view.php (30)
in /Applications/MAMP/htdocs/trackstart/protected/controllers/IssueController.php (94)
in /Applications/MAMP/htdocs/trackstart/index.php (13)
2014/07/21 13:10:35 [error] [php] Trying to get property of non-object (/Applications/MAMP/htdocs/trackstart/protected/views/issue/view.php:30)
Stack trace:
#0 /Applications/MAMP/htdocs/yii/framework/web/CController.php(869): IssueController->renderFile()
#1 /Applications/MAMP/htdocs/yii/framework/web/CController.php(782): IssueController->renderPartial()
#2 /Applications/MAMP/htdocs/trackstart/protected/controllers/IssueController.php(94): IssueController->render()
#3 unknown(0): IssueController->actionView()
#4 /Applications/MAMP/htdocs/yii/framework/web/actions/CAction.php(108): ReflectionMethod->invokeArgs()
#5 /Applications/MAMP/htdocs/yii/framework/web/actions/CInlineAction.php(47): CInlineAction->runWithParamsInternal()
#6 /Applications/MAMP/htdocs/yii/framework/web/CController.php(308): CInlineAction->runWithParams()
#7 /Applications/MAMP/htdocs/yii/framework/web/filters/CFilterChain.php(133): IssueController->runAction()
#8 /Applications/MAMP/htdocs/yii/framework/web/filters/CFilter.php(40): CFilterChain->run()
#9 /Applications/MAMP/htdocs/yii/framework/web/CController.php(1145): CAccessControlFilter->filter()
#10 /Applications/MAMP/htdocs/yii/framework/web/filters/CInlineFilter.php(58): IssueController->filterAccessControl()
#11 /Applications/MAMP/htdocs/yii/framework/web/filters/CFilterChain.php(130): CInlineFilter->filter()
#12 /Applications/MAMP/htdocs/yii/framework/web/CController.php(291): CFilterChain->run()
#13 /Applications/MAMP/htdocs/yii/framework/web/CController.php(265): IssueController->runActionWithFilters()
#14 /Applications/MAMP/htdocs/yii/framework/web/CWebApplication.php(282): IssueController->run()
#15 /Applications/MAMP/htdocs/yii/framework/web/CWebApplication.php(141): CWebApplication->runController()
#16 /Applications/MAMP/htdocs/yii/framework/base/CApplication.php(180): CWebApplication->processRequest()
#17 /Applications/MAMP/htdocs/trackstart/index.php(13): CWebApplication->run()
REQUEST_URI=/trackstart/index.php?r=issue/view&id=1
in /Applications/MAMP/htdocs/trackstart/protected/views/issue/view.php (30)
in /Applications/MAMP/htdocs/trackstart/protected/controllers/IssueController.php (94)
in /Applications/MAMP/htdocs/trackstart/index.php (13)
2014/07/21 13:10:56 [error] [php] Trying to get property of non-object (/Applications/MAMP/htdocs/trackstart/protected/views/issue/view.php:30)
Stack trace:
#0 /Applications/MAMP/htdocs/yii/framework/web/CController.php(869): IssueController->renderFile()
#1 /Applications/MAMP/htdocs/yii/framework/web/CController.php(782): IssueController->renderPartial()
#2 /Applications/MAMP/htdocs/trackstart/protected/controllers/IssueController.php(94): IssueController->render()
#3 unknown(0): IssueController->actionView()
#4 /Applications/MAMP/htdocs/yii/framework/web/actions/CAction.php(108): ReflectionMethod->invokeArgs()
#5 /Applications/MAMP/htdocs/yii/framework/web/actions/CInlineAction.php(47): CInlineAction->runWithParamsInternal()
#6 /Applications/MAMP/htdocs/yii/framework/web/CController.php(308): CInlineAction->runWithParams()
#7 /Applications/MAMP/htdocs/yii/framework/web/filters/CFilterChain.php(133): IssueController->runAction()
#8 /Applications/MAMP/htdocs/yii/framework/web/filters/CFilter.php(40): CFilterChain->run()
#9 /Applications/MAMP/htdocs/yii/framework/web/CController.php(1145): CAccessControlFilter->filter()
#10 /Applications/MAMP/htdocs/yii/framework/web/filters/CInlineFilter.php(58): IssueController->filterAccessControl()
#11 /Applications/MAMP/htdocs/yii/framework/web/filters/CFilterChain.php(130): CInlineFilter->filter()
#12 /Applications/MAMP/htdocs/yii/framework/web/CController.php(291): CFilterChain->run()
#13 /Applications/MAMP/htdocs/yii/framework/web/CController.php(265): IssueController->runActionWithFilters()
#14 /Applications/MAMP/htdocs/yii/framework/web/CWebApplication.php(282): IssueController->run()
#15 /Applications/MAMP/htdocs/yii/framework/web/CWebApplication.php(141): CWebApplication->runController()
#16 /Applications/MAMP/htdocs/yii/framework/base/CApplication.php(180): CWebApplication->processRequest()
#17 /Applications/MAMP/htdocs/trackstart/index.php(13): CWebApplication->run()
REQUEST_URI=/trackstart/index.php?r=issue/view&id=1
in /Applications/MAMP/htdocs/trackstart/protected/views/issue/view.php (30)
in /Applications/MAMP/htdocs/trackstart/protected/controllers/IssueController.php (94)
in /Applications/MAMP/htdocs/trackstart/index.php (13)
2014/07/21 13:20:30 [error] [exception.CHttpException.404] exception 'CHttpException' with message 'The requested project does not exist.' in /Applications/MAMP/htdocs/trackstart/protected/controllers/IssueController.php:29
Stack trace:
#0 /Applications/MAMP/htdocs/trackstart/protected/controllers/IssueController.php(43): IssueController->loadProject(NULL)
#1 /Applications/MAMP/htdocs/yii/framework/web/filters/CInlineFilter.php(58): IssueController->filterProjectContext(Object(CFilterChain))
#2 /Applications/MAMP/htdocs/yii/framework/web/filters/CFilterChain.php(130): CInlineFilter->filter(Object(CFilterChain))
#3 /Applications/MAMP/htdocs/yii/framework/web/filters/CFilter.php(40): CFilterChain->run()
#4 /Applications/MAMP/htdocs/yii/framework/web/CController.php(1145): CFilter->filter(Object(CFilterChain))
#5 /Applications/MAMP/htdocs/yii/framework/web/filters/CInlineFilter.php(58): CController->filterAccessControl(Object(CFilterChain))
#6 /Applications/MAMP/htdocs/yii/framework/web/filters/CFilterChain.php(130): CInlineFilter->filter(Object(CFilterChain))
#7 /Applications/MAMP/htdocs/yii/framework/web/CController.php(291): CFilterChain->run()
#8 /Applications/MAMP/htdocs/yii/framework/web/CController.php(265): CController->runActionWithFilters(Object(CInlineAction), Array)
#9 /Applications/MAMP/htdocs/yii/framework/web/CWebApplication.php(282): CController->run('')
#10 /Applications/MAMP/htdocs/yii/framework/web/CWebApplication.php(141): CWebApplication->runController('issue')
#11 /Applications/MAMP/htdocs/yii/framework/base/CApplication.php(180): CWebApplication->processRequest()
#12 /Applications/MAMP/htdocs/trackstart/index.php(13): CApplication->run()
#13 {main}
REQUEST_URI=/trackstart/index.php?r=issue
---
2014/07/21 13:25:35 [error] [exception.CHttpException.404] exception 'CHttpException' with message 'The requested project does not exist.' in /Applications/MAMP/htdocs/trackstart/protected/controllers/IssueController.php:29
Stack trace:
#0 /Applications/MAMP/htdocs/trackstart/protected/controllers/IssueController.php(43): IssueController->loadProject(NULL)
#1 /Applications/MAMP/htdocs/yii/framework/web/filters/CInlineFilter.php(58): IssueController->filterProjectContext(Object(CFilterChain))
#2 /Applications/MAMP/htdocs/yii/framework/web/filters/CFilterChain.php(130): CInlineFilter->filter(Object(CFilterChain))
#3 /Applications/MAMP/htdocs/yii/framework/web/filters/CFilter.php(40): CFilterChain->run()
#4 /Applications/MAMP/htdocs/yii/framework/web/CController.php(1145): CFilter->filter(Object(CFilterChain))
#5 /Applications/MAMP/htdocs/yii/framework/web/filters/CInlineFilter.php(58): CController->filterAccessControl(Object(CFilterChain))
#6 /Applications/MAMP/htdocs/yii/framework/web/filters/CFilterChain.php(130): CInlineFilter->filter(Object(CFilterChain))
#7 /Applications/MAMP/htdocs/yii/framework/web/CController.php(291): CFilterChain->run()
#8 /Applications/MAMP/htdocs/yii/framework/web/CController.php(265): CController->runActionWithFilters(Object(CInlineAction), Array)
#9 /Applications/MAMP/htdocs/yii/framework/web/CWebApplication.php(282): CController->run('')
#10 /Applications/MAMP/htdocs/yii/framework/web/CWebApplication.php(141): CWebApplication->runController('issue')
#11 /Applications/MAMP/htdocs/yii/framework/base/CApplication.php(180): CWebApplication->processRequest()
#12 /Applications/MAMP/htdocs/trackstart/index.php(13): CApplication->run()
#13 {main}
REQUEST_URI=/trackstart/index.php?r=issue
---
2014/07/21 13:25:37 [error] [php] Trying to get property of non-object (/Applications/MAMP/htdocs/trackstart/protected/views/issue/view.php:11)
Stack trace:
#0 /Applications/MAMP/htdocs/yii/framework/web/CController.php(869): IssueController->renderFile()
#1 /Applications/MAMP/htdocs/yii/framework/web/CController.php(782): IssueController->renderPartial()
#2 /Applications/MAMP/htdocs/trackstart/protected/controllers/IssueController.php(94): IssueController->render()
#3 unknown(0): IssueController->actionView()
#4 /Applications/MAMP/htdocs/yii/framework/web/actions/CAction.php(108): ReflectionMethod->invokeArgs()
#5 /Applications/MAMP/htdocs/yii/framework/web/actions/CInlineAction.php(47): CInlineAction->runWithParamsInternal()
#6 /Applications/MAMP/htdocs/yii/framework/web/CController.php(308): CInlineAction->runWithParams()
#7 /Applications/MAMP/htdocs/yii/framework/web/filters/CFilterChain.php(133): IssueController->runAction()
#8 /Applications/MAMP/htdocs/yii/framework/web/filters/CFilter.php(40): CFilterChain->run()
#9 /Applications/MAMP/htdocs/yii/framework/web/CController.php(1145): CAccessControlFilter->filter()
#10 /Applications/MAMP/htdocs/yii/framework/web/filters/CInlineFilter.php(58): IssueController->filterAccessControl()
#11 /Applications/MAMP/htdocs/yii/framework/web/filters/CFilterChain.php(130): CInlineFilter->filter()
#12 /Applications/MAMP/htdocs/yii/framework/web/CController.php(291): CFilterChain->run()
#13 /Applications/MAMP/htdocs/yii/framework/web/CController.php(265): IssueController->runActionWithFilters()
#14 /Applications/MAMP/htdocs/yii/framework/web/CWebApplication.php(282): IssueController->run()
#15 /Applications/MAMP/htdocs/yii/framework/web/CWebApplication.php(141): CWebApplication->runController()
#16 /Applications/MAMP/htdocs/yii/framework/base/CApplication.php(180): CWebApplication->processRequest()
#17 /Applications/MAMP/htdocs/trackstart/index.php(13): CWebApplication->run()
REQUEST_URI=/trackstart/index.php?r=issue/view&id=1
in /Applications/MAMP/htdocs/trackstart/protected/views/issue/view.php (11)
in /Applications/MAMP/htdocs/trackstart/protected/controllers/IssueController.php (94)
in /Applications/MAMP/htdocs/trackstart/index.php (13)
2014/07/21 13:28:49 [error] [php] Trying to get property of non-object (/Applications/MAMP/htdocs/trackstart/protected/views/issue/view.php:11)
Stack trace:
#0 /Applications/MAMP/htdocs/yii/framework/web/CController.php(869): IssueController->renderFile()
#1 /Applications/MAMP/htdocs/yii/framework/web/CController.php(782): IssueController->renderPartial()
#2 /Applications/MAMP/htdocs/trackstart/protected/controllers/IssueController.php(95): IssueController->render()
#3 unknown(0): IssueController->actionView()
#4 /Applications/MAMP/htdocs/yii/framework/web/actions/CAction.php(108): ReflectionMethod->invokeArgs()
#5 /Applications/MAMP/htdocs/yii/framework/web/actions/CInlineAction.php(47): CInlineAction->runWithParamsInternal()
#6 /Applications/MAMP/htdocs/yii/framework/web/CController.php(308): CInlineAction->runWithParams()
#7 /Applications/MAMP/htdocs/yii/framework/web/filters/CFilterChain.php(133): IssueController->runAction()
#8 /Applications/MAMP/htdocs/yii/framework/web/filters/CFilter.php(40): CFilterChain->run()
#9 /Applications/MAMP/htdocs/yii/framework/web/CController.php(1145): CAccessControlFilter->filter()
#10 /Applications/MAMP/htdocs/yii/framework/web/filters/CInlineFilter.php(58): IssueController->filterAccessControl()
#11 /Applications/MAMP/htdocs/yii/framework/web/filters/CFilterChain.php(130): CInlineFilter->filter()
#12 /Applications/MAMP/htdocs/yii/framework/web/CController.php(291): CFilterChain->run()
#13 /Applications/MAMP/htdocs/yii/framework/web/CController.php(265): IssueController->runActionWithFilters()
#14 /Applications/MAMP/htdocs/yii/framework/web/CWebApplication.php(282): IssueController->run()
#15 /Applications/MAMP/htdocs/yii/framework/web/CWebApplication.php(141): CWebApplication->runController()
#16 /Applications/MAMP/htdocs/yii/framework/base/CApplication.php(180): CWebApplication->processRequest()
#17 /Applications/MAMP/htdocs/trackstart/index.php(13): CWebApplication->run()
REQUEST_URI=/trackstart/index.php?r=issue/view&id=1
in /Applications/MAMP/htdocs/trackstart/protected/views/issue/view.php (11)
in /Applications/MAMP/htdocs/trackstart/protected/controllers/IssueController.php (95)
in /Applications/MAMP/htdocs/trackstart/index.php (13)
2014/07/21 13:28:50 [error] [php] Trying to get property of non-object (/Applications/MAMP/htdocs/trackstart/protected/views/issue/view.php:11)
Stack trace:
#0 /Applications/MAMP/htdocs/yii/framework/web/CController.php(869): IssueController->renderFile()
#1 /Applications/MAMP/htdocs/yii/framework/web/CController.php(782): IssueController->renderPartial()
#2 /Applications/MAMP/htdocs/trackstart/protected/controllers/IssueController.php(95): IssueController->render()
#3 unknown(0): IssueController->actionView()
#4 /Applications/MAMP/htdocs/yii/framework/web/actions/CAction.php(108): ReflectionMethod->invokeArgs()
#5 /Applications/MAMP/htdocs/yii/framework/web/actions/CInlineAction.php(47): CInlineAction->runWithParamsInternal()
#6 /Applications/MAMP/htdocs/yii/framework/web/CController.php(308): CInlineAction->runWithParams()
#7 /Applications/MAMP/htdocs/yii/framework/web/filters/CFilterChain.php(133): IssueController->runAction()
#8 /Applications/MAMP/htdocs/yii/framework/web/filters/CFilter.php(40): CFilterChain->run()
#9 /Applications/MAMP/htdocs/yii/framework/web/CController.php(1145): CAccessControlFilter->filter()
#10 /Applications/MAMP/htdocs/yii/framework/web/filters/CInlineFilter.php(58): IssueController->filterAccessControl()
#11 /Applications/MAMP/htdocs/yii/framework/web/filters/CFilterChain.php(130): CInlineFilter->filter()
#12 /Applications/MAMP/htdocs/yii/framework/web/CController.php(291): CFilterChain->run()
#13 /Applications/MAMP/htdocs/yii/framework/web/CController.php(265): IssueController->runActionWithFilters()
#14 /Applications/MAMP/htdocs/yii/framework/web/CWebApplication.php(282): IssueController->run()
#15 /Applications/MAMP/htdocs/yii/framework/web/CWebApplication.php(141): CWebApplication->runController()
#16 /Applications/MAMP/htdocs/yii/framework/base/CApplication.php(180): CWebApplication->processRequest()
#17 /Applications/MAMP/htdocs/trackstart/index.php(13): CWebApplication->run()
REQUEST_URI=/trackstart/index.php?r=issue/view&id=1
in /Applications/MAMP/htdocs/trackstart/protected/views/issue/view.php (11)
in /Applications/MAMP/htdocs/trackstart/protected/controllers/IssueController.php (95)
in /Applications/MAMP/htdocs/trackstart/index.php (13)
2014/07/21 13:28:50 [error] [php] Trying to get property of non-object (/Applications/MAMP/htdocs/trackstart/protected/views/issue/view.php:11)
Stack trace:
#0 /Applications/MAMP/htdocs/yii/framework/web/CController.php(869): IssueController->renderFile()
#1 /Applications/MAMP/htdocs/yii/framework/web/CController.php(782): IssueController->renderPartial()
#2 /Applications/MAMP/htdocs/trackstart/protected/controllers/IssueController.php(95): IssueController->render()
#3 unknown(0): IssueController->actionView()
#4 /Applications/MAMP/htdocs/yii/framework/web/actions/CAction.php(108): ReflectionMethod->invokeArgs()
#5 /Applications/MAMP/htdocs/yii/framework/web/actions/CInlineAction.php(47): CInlineAction->runWithParamsInternal()
#6 /Applications/MAMP/htdocs/yii/framework/web/CController.php(308): CInlineAction->runWithParams()
#7 /Applications/MAMP/htdocs/yii/framework/web/filters/CFilterChain.php(133): IssueController->runAction()
#8 /Applications/MAMP/htdocs/yii/framework/web/filters/CFilter.php(40): CFilterChain->run()
#9 /Applications/MAMP/htdocs/yii/framework/web/CController.php(1145): CAccessControlFilter->filter()
#10 /Applications/MAMP/htdocs/yii/framework/web/filters/CInlineFilter.php(58): IssueController->filterAccessControl()
#11 /Applications/MAMP/htdocs/yii/framework/web/filters/CFilterChain.php(130): CInlineFilter->filter()
#12 /Applications/MAMP/htdocs/yii/framework/web/CController.php(291): CFilterChain->run()
#13 /Applications/MAMP/htdocs/yii/framework/web/CController.php(265): IssueController->runActionWithFilters()
#14 /Applications/MAMP/htdocs/yii/framework/web/CWebApplication.php(282): IssueController->run()
#15 /Applications/MAMP/htdocs/yii/framework/web/CWebApplication.php(141): CWebApplication->runController()
#16 /Applications/MAMP/htdocs/yii/framework/base/CApplication.php(180): CWebApplication->processRequest()
#17 /Applications/MAMP/htdocs/trackstart/index.php(13): CWebApplication->run()
REQUEST_URI=/trackstart/index.php?r=issue/view&id=1
in /Applications/MAMP/htdocs/trackstart/protected/views/issue/view.php (11)
in /Applications/MAMP/htdocs/trackstart/protected/controllers/IssueController.php (95)
in /Applications/MAMP/htdocs/trackstart/index.php (13)
2014/07/21 13:28:51 [error] [php] Trying to get property of non-object (/Applications/MAMP/htdocs/trackstart/protected/views/issue/view.php:11)
Stack trace:
#0 /Applications/MAMP/htdocs/yii/framework/web/CController.php(869): IssueController->renderFile()
#1 /Applications/MAMP/htdocs/yii/framework/web/CController.php(782): IssueController->renderPartial()
#2 /Applications/MAMP/htdocs/trackstart/protected/controllers/IssueController.php(95): IssueController->render()
#3 unknown(0): IssueController->actionView()
#4 /Applications/MAMP/htdocs/yii/framework/web/actions/CAction.php(108): ReflectionMethod->invokeArgs()
#5 /Applications/MAMP/htdocs/yii/framework/web/actions/CInlineAction.php(47): CInlineAction->runWithParamsInternal()
#6 /Applications/MAMP/htdocs/yii/framework/web/CController.php(308): CInlineAction->runWithParams()
#7 /Applications/MAMP/htdocs/yii/framework/web/filters/CFilterChain.php(133): IssueController->runAction()
#8 /Applications/MAMP/htdocs/yii/framework/web/filters/CFilter.php(40): CFilterChain->run()
#9 /Applications/MAMP/htdocs/yii/framework/web/CController.php(1145): CAccessControlFilter->filter()
#10 /Applications/MAMP/htdocs/yii/framework/web/filters/CInlineFilter.php(58): IssueController->filterAccessControl()
#11 /Applications/MAMP/htdocs/yii/framework/web/filters/CFilterChain.php(130): CInlineFilter->filter()
#12 /Applications/MAMP/htdocs/yii/framework/web/CController.php(291): CFilterChain->run()
#13 /Applications/MAMP/htdocs/yii/framework/web/CController.php(265): IssueController->runActionWithFilters()
#14 /Applications/MAMP/htdocs/yii/framework/web/CWebApplication.php(282): IssueController->run()
#15 /Applications/MAMP/htdocs/yii/framework/web/CWebApplication.php(141): CWebApplication->runController()
#16 /Applications/MAMP/htdocs/yii/framework/base/CApplication.php(180): CWebApplication->processRequest()
#17 /Applications/MAMP/htdocs/trackstart/index.php(13): CWebApplication->run()
REQUEST_URI=/trackstart/index.php?r=issue/view&id=1
in /Applications/MAMP/htdocs/trackstart/protected/views/issue/view.php (11)
in /Applications/MAMP/htdocs/trackstart/protected/controllers/IssueController.php (95)
in /Applications/MAMP/htdocs/trackstart/index.php (13)
2014/07/21 13:28:51 [error] [php] Trying to get property of non-object (/Applications/MAMP/htdocs/trackstart/protected/views/issue/view.php:11)
Stack trace:
#0 /Applications/MAMP/htdocs/yii/framework/web/CController.php(869): IssueController->renderFile()
#1 /Applications/MAMP/htdocs/yii/framework/web/CController.php(782): IssueController->renderPartial()
#2 /Applications/MAMP/htdocs/trackstart/protected/controllers/IssueController.php(95): IssueController->render()
#3 unknown(0): IssueController->actionView()
#4 /Applications/MAMP/htdocs/yii/framework/web/actions/CAction.php(108): ReflectionMethod->invokeArgs()
#5 /Applications/MAMP/htdocs/yii/framework/web/actions/CInlineAction.php(47): CInlineAction->runWithParamsInternal()
#6 /Applications/MAMP/htdocs/yii/framework/web/CController.php(308): CInlineAction->runWithParams()
#7 /Applications/MAMP/htdocs/yii/framework/web/filters/CFilterChain.php(133): IssueController->runAction()
#8 /Applications/MAMP/htdocs/yii/framework/web/filters/CFilter.php(40): CFilterChain->run()
#9 /Applications/MAMP/htdocs/yii/framework/web/CController.php(1145): CAccessControlFilter->filter()
#10 /Applications/MAMP/htdocs/yii/framework/web/filters/CInlineFilter.php(58): IssueController->filterAccessControl()
#11 /Applications/MAMP/htdocs/yii/framework/web/filters/CFilterChain.php(130): CInlineFilter->filter()
#12 /Applications/MAMP/htdocs/yii/framework/web/CController.php(291): CFilterChain->run()
#13 /Applications/MAMP/htdocs/yii/framework/web/CController.php(265): IssueController->runActionWithFilters()
#14 /Applications/MAMP/htdocs/yii/framework/web/CWebApplication.php(282): IssueController->run()
#15 /Applications/MAMP/htdocs/yii/framework/web/CWebApplication.php(141): CWebApplication->runController()
#16 /Applications/MAMP/htdocs/yii/framework/base/CApplication.php(180): CWebApplication->processRequest()
#17 /Applications/MAMP/htdocs/trackstart/index.php(13): CWebApplication->run()
REQUEST_URI=/trackstart/index.php?r=issue/view&id=1
in /Applications/MAMP/htdocs/trackstart/protected/views/issue/view.php (11)
in /Applications/MAMP/htdocs/trackstart/protected/controllers/IssueController.php (95)
in /Applications/MAMP/htdocs/trackstart/index.php (13)
2014/07/21 13:31:00 [error] [exception.CHttpException.404] exception 'CHttpException' with message 'The requested project does not exist.' in /Applications/MAMP/htdocs/trackstart/protected/controllers/IssueController.php:29
Stack trace:
#0 /Applications/MAMP/htdocs/trackstart/protected/controllers/IssueController.php(43): IssueController->loadProject(NULL)
#1 /Applications/MAMP/htdocs/yii/framework/web/filters/CInlineFilter.php(58): IssueController->filterProjectContext(Object(CFilterChain))
#2 /Applications/MAMP/htdocs/yii/framework/web/filters/CFilterChain.php(130): CInlineFilter->filter(Object(CFilterChain))
#3 /Applications/MAMP/htdocs/yii/framework/web/filters/CFilter.php(40): CFilterChain->run()
#4 /Applications/MAMP/htdocs/yii/framework/web/CController.php(1145): CFilter->filter(Object(CFilterChain))
#5 /Applications/MAMP/htdocs/yii/framework/web/filters/CInlineFilter.php(58): CController->filterAccessControl(Object(CFilterChain))
#6 /Applications/MAMP/htdocs/yii/framework/web/filters/CFilterChain.php(130): CInlineFilter->filter(Object(CFilterChain))
#7 /Applications/MAMP/htdocs/yii/framework/web/CController.php(291): CFilterChain->run()
#8 /Applications/MAMP/htdocs/yii/framework/web/CController.php(265): CController->runActionWithFilters(Object(CInlineAction), Array)
#9 /Applications/MAMP/htdocs/yii/framework/web/CWebApplication.php(282): CController->run('')
#10 /Applications/MAMP/htdocs/yii/framework/web/CWebApplication.php(141): CWebApplication->runController('issue/')
#11 /Applications/MAMP/htdocs/yii/framework/base/CApplication.php(180): CWebApplication->processRequest()
#12 /Applications/MAMP/htdocs/trackstart/index.php(13): CApplication->run()
#13 {main}
REQUEST_URI=/trackstart/index.php?r=issue/
---
2014/07/21 13:33:26 [error] [php] Use of undefined constant MileStone - assumed 'MileStone' (/Applications/MAMP/htdocs/trackstart/protected/views/site/index.php:5)
Stack trace:
#0 /Applications/MAMP/htdocs/yii/framework/web/CController.php(869): SiteController->renderFile()
#1 /Applications/MAMP/htdocs/yii/framework/web/CController.php(782): SiteController->renderPartial()
#2 /Applications/MAMP/htdocs/trackstart/protected/controllers/SiteController.php(32): SiteController->render()
#3 /Applications/MAMP/htdocs/yii/framework/web/actions/CInlineAction.php(49): SiteController->actionIndex()
#4 /Applications/MAMP/htdocs/yii/framework/web/CController.php(308): CInlineAction->runWithParams()
#5 /Applications/MAMP/htdocs/yii/framework/web/CController.php(286): SiteController->runAction()
#6 /Applications/MAMP/htdocs/yii/framework/web/CController.php(265): SiteController->runActionWithFilters()
#7 /Applications/MAMP/htdocs/yii/framework/web/CWebApplication.php(282): SiteController->run()
#8 /Applications/MAMP/htdocs/yii/framework/web/CWebApplication.php(141): CWebApplication->runController()
#9 /Applications/MAMP/htdocs/yii/framework/base/CApplication.php(180): CWebApplication->processRequest()
#10 /Applications/MAMP/htdocs/trackstart/index.php(13): CWebApplication->run()
REQUEST_URI=/trackstart/index.php
in /Applications/MAMP/htdocs/trackstart/protected/views/site/index.php (5)
in /Applications/MAMP/htdocs/trackstart/protected/controllers/SiteController.php (32)
in /Applications/MAMP/htdocs/trackstart/index.php (13)
2014/07/21 13:33:28 [error] [exception.CHttpException.404] exception 'CHttpException' with message 'The requested project does not exist.' in /Applications/MAMP/htdocs/trackstart/protected/controllers/IssueController.php:29
Stack trace:
#0 /Applications/MAMP/htdocs/trackstart/protected/controllers/IssueController.php(43): IssueController->loadProject(NULL)
#1 /Applications/MAMP/htdocs/yii/framework/web/filters/CInlineFilter.php(58): IssueController->filterProjectContext(Object(CFilterChain))
#2 /Applications/MAMP/htdocs/yii/framework/web/filters/CFilterChain.php(130): CInlineFilter->filter(Object(CFilterChain))
#3 /Applications/MAMP/htdocs/yii/framework/web/filters/CFilter.php(40): CFilterChain->run()
#4 /Applications/MAMP/htdocs/yii/framework/web/CController.php(1145): CFilter->filter(Object(CFilterChain))
#5 /Applications/MAMP/htdocs/yii/framework/web/filters/CInlineFilter.php(58): CController->filterAccessControl(Object(CFilterChain))
#6 /Applications/MAMP/htdocs/yii/framework/web/filters/CFilterChain.php(130): CInlineFilter->filter(Object(CFilterChain))
#7 /Applications/MAMP/htdocs/yii/framework/web/CController.php(291): CFilterChain->run()
#8 /Applications/MAMP/htdocs/yii/framework/web/CController.php(265): CController->runActionWithFilters(Object(CInlineAction), Array)
#9 /Applications/MAMP/htdocs/yii/framework/web/CWebApplication.php(282): CController->run('')
#10 /Applications/MAMP/htdocs/yii/framework/web/CWebApplication.php(141): CWebApplication->runController('issue/')
#11 /Applications/MAMP/htdocs/yii/framework/base/CApplication.php(180): CWebApplication->processRequest()
#12 /Applications/MAMP/htdocs/trackstart/index.php(13): CApplication->run()
#13 {main}
REQUEST_URI=/trackstart/index.php?r=issue/
---
2014/07/21 13:43:57 [error] [php] Trying to get property of non-object (/Applications/MAMP/htdocs/trackstart/protected/views/issue/view.php:29)
Stack trace:
#0 /Applications/MAMP/htdocs/yii/framework/web/CController.php(869): IssueController->renderFile()
#1 /Applications/MAMP/htdocs/yii/framework/web/CController.php(782): IssueController->renderPartial()
#2 /Applications/MAMP/htdocs/trackstart/protected/controllers/IssueController.php(95): IssueController->render()
#3 unknown(0): IssueController->actionView()
#4 /Applications/MAMP/htdocs/yii/framework/web/actions/CAction.php(108): ReflectionMethod->invokeArgs()
#5 /Applications/MAMP/htdocs/yii/framework/web/actions/CInlineAction.php(47): CInlineAction->runWithParamsInternal()
#6 /Applications/MAMP/htdocs/yii/framework/web/CController.php(308): CInlineAction->runWithParams()
#7 /Applications/MAMP/htdocs/yii/framework/web/filters/CFilterChain.php(133): IssueController->runAction()
#8 /Applications/MAMP/htdocs/yii/framework/web/filters/CFilter.php(40): CFilterChain->run()
#9 /Applications/MAMP/htdocs/yii/framework/web/CController.php(1145): CAccessControlFilter->filter()
#10 /Applications/MAMP/htdocs/yii/framework/web/filters/CInlineFilter.php(58): IssueController->filterAccessControl()
#11 /Applications/MAMP/htdocs/yii/framework/web/filters/CFilterChain.php(130): CInlineFilter->filter()
#12 /Applications/MAMP/htdocs/yii/framework/web/CController.php(291): CFilterChain->run()
#13 /Applications/MAMP/htdocs/yii/framework/web/CController.php(265): IssueController->runActionWithFilters()
#14 /Applications/MAMP/htdocs/yii/framework/web/CWebApplication.php(282): IssueController->run()
#15 /Applications/MAMP/htdocs/yii/framework/web/CWebApplication.php(141): CWebApplication->runController()
#16 /Applications/MAMP/htdocs/yii/framework/base/CApplication.php(180): CWebApplication->processRequest()
#17 /Applications/MAMP/htdocs/trackstart/index.php(13): CWebApplication->run()
REQUEST_URI=/trackstart/index.php?r=issue/view&id=3
in /Applications/MAMP/htdocs/trackstart/protected/views/issue/view.php (29)
in /Applications/MAMP/htdocs/trackstart/protected/controllers/IssueController.php (95)
in /Applications/MAMP/htdocs/trackstart/index.php (13)
2014/07/21 13:45:24 [error] [php] Trying to get property of non-object (/Applications/MAMP/htdocs/trackstart/protected/views/issue/view.php:29)
Stack trace:
#0 /Applications/MAMP/htdocs/yii/framework/web/CController.php(869): IssueController->renderFile()
#1 /Applications/MAMP/htdocs/yii/framework/web/CController.php(782): IssueController->renderPartial()
#2 /Applications/MAMP/htdocs/trackstart/protected/controllers/IssueController.php(95): IssueController->render()
#3 unknown(0): IssueController->actionView()
#4 /Applications/MAMP/htdocs/yii/framework/web/actions/CAction.php(108): ReflectionMethod->invokeArgs()
#5 /Applications/MAMP/htdocs/yii/framework/web/actions/CInlineAction.php(47): CInlineAction->runWithParamsInternal()
#6 /Applications/MAMP/htdocs/yii/framework/web/CController.php(308): CInlineAction->runWithParams()
#7 /Applications/MAMP/htdocs/yii/framework/web/filters/CFilterChain.php(133): IssueController->runAction()
#8 /Applications/MAMP/htdocs/yii/framework/web/filters/CFilter.php(40): CFilterChain->run()
#9 /Applications/MAMP/htdocs/yii/framework/web/CController.php(1145): CAccessControlFilter->filter()
#10 /Applications/MAMP/htdocs/yii/framework/web/filters/CInlineFilter.php(58): IssueController->filterAccessControl()
#11 /Applications/MAMP/htdocs/yii/framework/web/filters/CFilterChain.php(130): CInlineFilter->filter()
#12 /Applications/MAMP/htdocs/yii/framework/web/CController.php(291): CFilterChain->run()
#13 /Applications/MAMP/htdocs/yii/framework/web/CController.php(265): IssueController->runActionWithFilters()
#14 /Applications/MAMP/htdocs/yii/framework/web/CWebApplication.php(282): IssueController->run()
#15 /Applications/MAMP/htdocs/yii/framework/web/CWebApplication.php(141): CWebApplication->runController()
#16 /Applications/MAMP/htdocs/yii/framework/base/CApplication.php(180): CWebApplication->processRequest()
#17 /Applications/MAMP/htdocs/trackstart/index.php(13): CWebApplication->run()
REQUEST_URI=/trackstart/index.php?r=issue/view&id=3
in /Applications/MAMP/htdocs/trackstart/protected/views/issue/view.php (29)
in /Applications/MAMP/htdocs/trackstart/protected/controllers/IssueController.php (95)
in /Applications/MAMP/htdocs/trackstart/index.php (13)
2014/07/21 13:45:33 [error] [php] Trying to get property of non-object (/Applications/MAMP/htdocs/trackstart/protected/views/issue/view.php:29)
Stack trace:
#0 /Applications/MAMP/htdocs/yii/framework/web/CController.php(869): IssueController->renderFile()
#1 /Applications/MAMP/htdocs/yii/framework/web/CController.php(782): IssueController->renderPartial()
#2 /Applications/MAMP/htdocs/trackstart/protected/controllers/IssueController.php(95): IssueController->render()
#3 unknown(0): IssueController->actionView()
#4 /Applications/MAMP/htdocs/yii/framework/web/actions/CAction.php(108): ReflectionMethod->invokeArgs()
#5 /Applications/MAMP/htdocs/yii/framework/web/actions/CInlineAction.php(47): CInlineAction->runWithParamsInternal()
#6 /Applications/MAMP/htdocs/yii/framework/web/CController.php(308): CInlineAction->runWithParams()
#7 /Applications/MAMP/htdocs/yii/framework/web/filters/CFilterChain.php(133): IssueController->runAction()
#8 /Applications/MAMP/htdocs/yii/framework/web/filters/CFilter.php(40): CFilterChain->run()
#9 /Applications/MAMP/htdocs/yii/framework/web/CController.php(1145): CAccessControlFilter->filter()
#10 /Applications/MAMP/htdocs/yii/framework/web/filters/CInlineFilter.php(58): IssueController->filterAccessControl()
#11 /Applications/MAMP/htdocs/yii/framework/web/filters/CFilterChain.php(130): CInlineFilter->filter()
#12 /Applications/MAMP/htdocs/yii/framework/web/CController.php(291): CFilterChain->run()
#13 /Applications/MAMP/htdocs/yii/framework/web/CController.php(265): IssueController->runActionWithFilters()
#14 /Applications/MAMP/htdocs/yii/framework/web/CWebApplication.php(282): IssueController->run()
#15 /Applications/MAMP/htdocs/yii/framework/web/CWebApplication.php(141): CWebApplication->runController()
#16 /Applications/MAMP/htdocs/yii/framework/base/CApplication.php(180): CWebApplication->processRequest()
#17 /Applications/MAMP/htdocs/trackstart/index.php(13): CWebApplication->run()
REQUEST_URI=/trackstart/index.php?r=issue/view&id=3
in /Applications/MAMP/htdocs/trackstart/protected/views/issue/view.php (29)
in /Applications/MAMP/htdocs/trackstart/protected/controllers/IssueController.php (95)
in /Applications/MAMP/htdocs/trackstart/index.php (13)
2014/07/21 13:45:50 [error] [exception.CHttpException.404] exception 'CHttpException' with message 'The requested project does not exist.' in /Applications/MAMP/htdocs/trackstart/protected/controllers/IssueController.php:29
Stack trace:
#0 /Applications/MAMP/htdocs/trackstart/protected/controllers/IssueController.php(43): IssueController->loadProject(NULL)
#1 /Applications/MAMP/htdocs/yii/framework/web/filters/CInlineFilter.php(58): IssueController->filterProjectContext(Object(CFilterChain))
#2 /Applications/MAMP/htdocs/yii/framework/web/filters/CFilterChain.php(130): CInlineFilter->filter(Object(CFilterChain))
#3 /Applications/MAMP/htdocs/yii/framework/web/filters/CFilter.php(40): CFilterChain->run()
#4 /Applications/MAMP/htdocs/yii/framework/web/CController.php(1145): CFilter->filter(Object(CFilterChain))
#5 /Applications/MAMP/htdocs/yii/framework/web/filters/CInlineFilter.php(58): CController->filterAccessControl(Object(CFilterChain))
#6 /Applications/MAMP/htdocs/yii/framework/web/filters/CFilterChain.php(130): CInlineFilter->filter(Object(CFilterChain))
#7 /Applications/MAMP/htdocs/yii/framework/web/CController.php(291): CFilterChain->run()
#8 /Applications/MAMP/htdocs/yii/framework/web/CController.php(265): CController->runActionWithFilters(Object(CInlineAction), Array)
#9 /Applications/MAMP/htdocs/yii/framework/web/CWebApplication.php(282): CController->run('admin')
#10 /Applications/MAMP/htdocs/yii/framework/web/CWebApplication.php(141): CWebApplication->runController('issue/admin')
#11 /Applications/MAMP/htdocs/yii/framework/base/CApplication.php(180): CWebApplication->processRequest()
#12 /Applications/MAMP/htdocs/trackstart/index.php(13): CApplication->run()
#13 {main}
REQUEST_URI=/trackstart/index.php?r=issue/admin
HTTP_REFERER=http://localhost:8888/trackstart/index.php?r=issue/create&pid=3
---
2014/07/21 13:45:58 [error] [exception.CHttpException.404] exception 'CHttpException' with message 'The requested project does not exist.' in /Applications/MAMP/htdocs/trackstart/protected/controllers/IssueController.php:29
Stack trace:
#0 /Applications/MAMP/htdocs/trackstart/protected/controllers/IssueController.php(43): IssueController->loadProject(NULL)
#1 /Applications/MAMP/htdocs/yii/framework/web/filters/CInlineFilter.php(58): IssueController->filterProjectContext(Object(CFilterChain))
#2 /Applications/MAMP/htdocs/yii/framework/web/filters/CFilterChain.php(130): CInlineFilter->filter(Object(CFilterChain))
#3 /Applications/MAMP/htdocs/yii/framework/web/filters/CFilter.php(40): CFilterChain->run()
#4 /Applications/MAMP/htdocs/yii/framework/web/CController.php(1145): CFilter->filter(Object(CFilterChain))
#5 /Applications/MAMP/htdocs/yii/framework/web/filters/CInlineFilter.php(58): CController->filterAccessControl(Object(CFilterChain))
#6 /Applications/MAMP/htdocs/yii/framework/web/filters/CFilterChain.php(130): CInlineFilter->filter(Object(CFilterChain))
#7 /Applications/MAMP/htdocs/yii/framework/web/CController.php(291): CFilterChain->run()
#8 /Applications/MAMP/htdocs/yii/framework/web/CController.php(265): CController->runActionWithFilters(Object(CInlineAction), Array)
#9 /Applications/MAMP/htdocs/yii/framework/web/CWebApplication.php(282): CController->run('admin')
#10 /Applications/MAMP/htdocs/yii/framework/web/CWebApplication.php(141): CWebApplication->runController('issue/admin')
#11 /Applications/MAMP/htdocs/yii/framework/base/CApplication.php(180): CWebApplication->processRequest()
#12 /Applications/MAMP/htdocs/trackstart/index.php(13): CApplication->run()
#13 {main}
REQUEST_URI=/trackstart/index.php?r=issue/admin
HTTP_REFERER=http://localhost:8888/trackstart/index.php?r=issue/create&pid=3
---
2014/07/21 13:46:04 [error] [system.db.CDbCommand] CDbCommand::fetchColumn() failed: SQLSTATE[42000]: Syntax error or access violation: 1064 You have an error in your SQL syntax; check the manual that corresponds to your MySQL server version for the right syntax to use near ':=projectID' at line 1. The SQL statement executed was: SELECT COUNT(*) FROM `tb1_issue` `t` WHERE project_id:=projectID.
in /Applications/MAMP/htdocs/trackstart/protected/views/issue/admin.php (66)
in /Applications/MAMP/htdocs/trackstart/protected/controllers/IssueController.php (190)
in /Applications/MAMP/htdocs/trackstart/protected/controllers/IssueController.php (45)
2014/07/21 13:46:04 [error] [exception.CDbException] exception 'CDbException' with message 'CDbCommand failed to execute the SQL statement: SQLSTATE[42000]: Syntax error or access violation: 1064 You have an error in your SQL syntax; check the manual that corresponds to your MySQL server version for the right syntax to use near ':=projectID' at line 1. The SQL statement executed was: SELECT COUNT(*) FROM `tb1_issue` `t` WHERE project_id:=projectID' in /Applications/MAMP/htdocs/yii/framework/db/CDbCommand.php:543
Stack trace:
#0 /Applications/MAMP/htdocs/yii/framework/db/CDbCommand.php(433): CDbCommand->queryInternal('fetchColumn', 0, Array)
#1 /Applications/MAMP/htdocs/yii/framework/db/ar/CActiveRecord.php(1601): CDbCommand->queryScalar()
#2 /Applications/MAMP/htdocs/yii/framework/web/CActiveDataProvider.php(228): CActiveRecord->count(Object(CDbCriteria))
#3 /Applications/MAMP/htdocs/yii/framework/web/CDataProvider.php(224): CActiveDataProvider->calculateTotalItemCount()
#4 /Applications/MAMP/htdocs/yii/framework/web/CActiveDataProvider.php(178): CDataProvider->getTotalItemCount()
#5 /Applications/MAMP/htdocs/yii/framework/web/CDataProvider.php(168): CActiveDataProvider->fetchData()
#6 /Applications/MAMP/htdocs/yii/framework/zii/widgets/CBaseListView.php(111): CDataProvider->getData()
#7 /Applications/MAMP/htdocs/yii/framework/zii/widgets/grid/CGridView.php(339): CBaseListView->init()
#8 /Applications/MAMP/htdocs/yii/framework/web/CBaseController.php(147): CGridView->init()
#9 /Applications/MAMP/htdocs/yii/framework/web/CBaseController.php(172): CBaseController->createWidget('zii.widgets.gri...', Array)
#10 /Applications/MAMP/htdocs/trackstart/protected/views/issue/admin.php(66): CBaseController->widget('zii.widgets.gri...', Array)
#11 /Applications/MAMP/htdocs/yii/framework/web/CBaseController.php(126): require('/Applications/M...')
#12 /Applications/MAMP/htdocs/yii/framework/web/CBaseController.php(95): CBaseController->renderInternal('/Applications/M...', Array, true)
#13 /Applications/MAMP/htdocs/yii/framework/web/CController.php(869): CBaseController->renderFile('/Applications/M...', Array, true)
#14 /Applications/MAMP/htdocs/yii/framework/web/CController.php(782): CController->renderPartial('admin', Array, true)
#15 /Applications/MAMP/htdocs/trackstart/protected/controllers/IssueController.php(190): CController->render('admin', Array)
#16 /Applications/MAMP/htdocs/yii/framework/web/actions/CInlineAction.php(49): IssueController->actionAdmin()
#17 /Applications/MAMP/htdocs/yii/framework/web/CController.php(308): CInlineAction->runWithParams(Array)
#18 /Applications/MAMP/htdocs/yii/framework/web/filters/CFilterChain.php(133): CController->runAction(Object(CInlineAction))
#19 /Applications/MAMP/htdocs/trackstart/protected/controllers/IssueController.php(45): CFilterChain->run()
#20 /Applications/MAMP/htdocs/yii/framework/web/filters/CInlineFilter.php(58): IssueController->filterProjectContext(Object(CFilterChain))
#21 /Applications/MAMP/htdocs/yii/framework/web/filters/CFilterChain.php(130): CInlineFilter->filter(Object(CFilterChain))
#22 /Applications/MAMP/htdocs/yii/framework/web/filters/CFilter.php(40): CFilterChain->run()
#23 /Applications/MAMP/htdocs/yii/framework/web/CController.php(1145): CFilter->filter(Object(CFilterChain))
#24 /Applications/MAMP/htdocs/yii/framework/web/filters/CInlineFilter.php(58): CController->filterAccessControl(Object(CFilterChain))
#25 /Applications/MAMP/htdocs/yii/framework/web/filters/CFilterChain.php(130): CInlineFilter->filter(Object(CFilterChain))
#26 /Applications/MAMP/htdocs/yii/framework/web/CController.php(291): CFilterChain->run()
#27 /Applications/MAMP/htdocs/yii/framework/web/CController.php(265): CController->runActionWithFilters(Object(CInlineAction), Array)
#28 /Applications/MAMP/htdocs/yii/framework/web/CWebApplication.php(282): CController->run('admin')
#29 /Applications/MAMP/htdocs/yii/framework/web/CWebApplication.php(141): CWebApplication->runController('issue/admin')
#30 /Applications/MAMP/htdocs/yii/framework/base/CApplication.php(180): CWebApplication->processRequest()
#31 /Applications/MAMP/htdocs/trackstart/index.php(13): CApplication->run()
#32 {main}
REQUEST_URI=/trackstart/index.php?r=issue/admin&pid=3
---
2014/07/21 13:47:19 [error] [exception.CHttpException.404] exception 'CHttpException' with message 'The requested project does not exist.' in /Applications/MAMP/htdocs/trackstart/protected/controllers/IssueController.php:29
Stack trace:
#0 /Applications/MAMP/htdocs/trackstart/protected/controllers/IssueController.php(43): IssueController->loadProject(NULL)
#1 /Applications/MAMP/htdocs/yii/framework/web/filters/CInlineFilter.php(58): IssueController->filterProjectContext(Object(CFilterChain))
#2 /Applications/MAMP/htdocs/yii/framework/web/filters/CFilterChain.php(130): CInlineFilter->filter(Object(CFilterChain))
#3 /Applications/MAMP/htdocs/yii/framework/web/filters/CFilter.php(40): CFilterChain->run()
#4 /Applications/MAMP/htdocs/yii/framework/web/CController.php(1145): CFilter->filter(Object(CFilterChain))
#5 /Applications/MAMP/htdocs/yii/framework/web/filters/CInlineFilter.php(58): CController->filterAccessControl(Object(CFilterChain))
#6 /Applications/MAMP/htdocs/yii/framework/web/filters/CFilterChain.php(130): CInlineFilter->filter(Object(CFilterChain))
#7 /Applications/MAMP/htdocs/yii/framework/web/CController.php(291): CFilterChain->run()
#8 /Applications/MAMP/htdocs/yii/framework/web/CController.php(265): CController->runActionWithFilters(Object(CInlineAction), Array)
#9 /Applications/MAMP/htdocs/yii/framework/web/CWebApplication.php(282): CController->run('admin')
#10 /Applications/MAMP/htdocs/yii/framework/web/CWebApplication.php(141): CWebApplication->runController('issue/admin')
#11 /Applications/MAMP/htdocs/yii/framework/base/CApplication.php(180): CWebApplication->processRequest()
#12 /Applications/MAMP/htdocs/trackstart/index.php(13): CApplication->run()
#13 {main}
REQUEST_URI=/trackstart/index.php?r=issue/admin
HTTP_REFERER=http://localhost:8888/trackstart/index.php?r=issue/create&pid=3
---
